# JRE version: OpenJDK Runtime Environment Temurin-17.0.4+8 (17.0.4+8) (build 17.0.4+8)
# Java VM: OpenJDK 64-Bit Server VM Temurin-17.0.4+8 (17.0.4+8, mixed mode, tiered, compressed oops, compressed class ptrs, g1 gc, windows-amd64)
GC Precious Log:
 CPUs: 4 total, 4 available
 Memory: 3978M
 Large Page Support: Disabled
 NUMA Support: Disabled
 Compressed Oops: Enabled (32-bit)
 Heap Region Size: 1M
 Heap Min Capacity: 8M
 Heap Initial Capacity: 64M
 Heap Max Capacity: 996M
 Pre-touch: Disabled
 Parallel Workers: 4
 Concurrent Workers: 1
 Concurrent Refinement Workers: 4
 Periodic GC: Disabled
Heap:
 garbage-first heap   total 40960K, used 30956K [0x00000000c1c00000, 0x0000000100000000)
  region size 1024K, 2 young (2048K), 1 survivors (1024K)
 Metaspace       used 30228K, committed 30464K, reserved 1081344K
  class space    used 3468K, committed 3584K, reserved 1048576K
GC Heap History (16 events):
Event: 1.493 GC heap before
{Heap before GC invocations=0 (full 0):
 garbage-first heap   total 65536K, used 12288K [0x00000000c1c00000, 0x0000000100000000)
  region size 1024K, 13 young (13312K), 0 survivors (0K)
 Metaspace       used 10336K, committed 10496K, reserved 1064960K
  class space    used 951K, committed 1024K, reserved 1048576K
}
Event: 1.503 GC heap after
{Heap after GC invocations=1 (full 0):
 garbage-first heap   total 65536K, used 6602K [0x00000000c1c00000, 0x0000000100000000)
  region size 1024K, 2 young (2048K), 2 survivors (2048K)
 Metaspace       used 10336K, committed 10496K, reserved 1064960K
  class space    used 951K, committed 1024K, reserved 1048576K
}
Event: 2.048 GC heap before
{Heap before GC invocations=1 (full 0):
 garbage-first heap   total 65536K, used 13770K [0x00000000c1c00000, 0x0000000100000000)
  region size 1024K, 9 young (9216K), 2 survivors (2048K)
 Metaspace       used 13590K, committed 13760K, reserved 1064960K
  class space    used 1321K, committed 1408K, reserved 1048576K
}
Event: 2.052 GC heap after
{Heap after GC invocations=2 (full 0):
 garbage-first heap   total 65536K, used 7798K [0x00000000c1c00000, 0x0000000100000000)
  region size 1024K, 1 young (1024K), 1 survivors (1024K)
 Metaspace       used 13590K, committed 13760K, reserved 1064960K
  class space    used 1321K, committed 1408K, reserved 1048576K
}
Event: 3.267 GC heap before
{Heap before GC invocations=2 (full 0):
 garbage-first heap   total 65536K, used 26230K [0x00000000c1c00000, 0x0000000100000000)
  region size 1024K, 19 young (19456K), 1 survivors (1024K)
 Metaspace       used 20529K, committed 20736K, reserved 1073152K
  class space    used 2174K, committed 2304K, reserved 1048576K
}
Event: 3.272 GC heap after
{Heap after GC invocations=3 (full 0):
 garbage-first heap   total 65536K, used 9730K [0x00000000c1c00000, 0x0000000100000000)
  region size 1024K, 3 young (3072K), 3 survivors (3072K)
 Metaspace       used 20529K, committed 20736K, reserved 1073152K
  class space    used 2174K, committed 2304K, reserved 1048576K
}
Event: 3.400 GC heap before
{Heap before GC invocations=3 (full 0):
 garbage-first heap   total 65536K, used 13826K [0x00000000c1c00000, 0x0000000100000000)
  region size 1024K, 8 young (8192K), 3 survivors (3072K)
 Metaspace       used 21275K, committed 21504K, reserved 1073152K
  class space    used 2244K, committed 2368K, reserved 1048576K
}
Event: 3.405 GC heap after
{Heap after GC invocations=4 (full 0):
 garbage-first heap   total 65536K, used 10583K [0x00000000c1c00000, 0x0000000100000000)
  region size 1024K, 3 young (3072K), 3 survivors (3072K)
 Metaspace       used 21275K, committed 21504K, reserved 1073152K
  class space    used 2244K, committed 2368K, reserved 1048576K
}
Event: 5.452 GC heap before
{Heap before GC invocations=5 (full 0):
 garbage-first heap   total 40960K, used 29015K [0x00000000c1c00000, 0x0000000100000000)
  region size 1024K, 22 young (22528K), 3 survivors (3072K)
 Metaspace       used 26994K, committed 27264K, reserved 1073152K
  class space    used 3024K, committed 3136K, reserved 1048576K
}
Event: 5.462 GC heap after
{Heap after GC invocations=6 (full 0):
 garbage-first heap   total 40960K, used 12092K [0x00000000c1c00000, 0x0000000100000000)
  region size 1024K, 3 young (3072K), 3 survivors (3072K)
 Metaspace       used 26994K, committed 27264K, reserved 1073152K
  class space    used 3024K, committed 3136K, reserved 1048576K
}
Event: 5.664 GC heap before
{Heap before GC invocations=6 (full 0):
 garbage-first heap   total 40960K, used 16188K [0x00000000c1c00000, 0x0000000100000000)
  region size 1024K, 8 young (8192K), 3 survivors (3072K)
 Metaspace       used 28117K, committed 28416K, reserved 1081344K
  class space    used 3197K, committed 3328K, reserved 1048576K
}
Event: 5.670 GC heap after
{Heap after GC invocations=7 (full 0):
 garbage-first heap   total 40960K, used 12443K [0x00000000c1c00000, 0x0000000100000000)
  region size 1024K, 1 young (1024K), 1 survivors (1024K)
 Metaspace       used 28117K, committed 28416K, reserved 1081344K
  class space    used 3197K, committed 3328K, reserved 1048576K
}
Event: 22.452 GC heap before
{Heap before GC invocations=7 (full 0):
 garbage-first heap   total 40960K, used 34971K [0x00000000c1c00000, 0x0000000100000000)
  region size 1024K, 7 young (7168K), 1 survivors (1024K)
 Metaspace       used 29844K, committed 30080K, reserved 1081344K
  class space    used 3420K, committed 3520K, reserved 1048576K
}
Event: 22.454 GC heap after
{Heap after GC invocations=8 (full 0):
 garbage-first heap   total 40960K, used 30609K [0x00000000c1c00000, 0x0000000100000000)
  region size 1024K, 2 young (2048K), 2 survivors (2048K)
 Metaspace       used 29844K, committed 30080K, reserved 1081344K
  class space    used 3420K, committed 3520K, reserved 1048576K
}
Event: 22.633 GC heap before
{Heap before GC invocations=8 (full 0):
 garbage-first heap   total 40960K, used 31633K [0x00000000c1c00000, 0x0000000100000000)
  region size 1024K, 4 young (4096K), 2 survivors (2048K)
 Metaspace       used 30204K, committed 30464K, reserved 1081344K
  class space    used 3467K, committed 3584K, reserved 1048576K
}
Event: 22.636 GC heap after
{Heap after GC invocations=9 (full 0):
 garbage-first heap   total 40960K, used 30956K [0x00000000c1c00000, 0x0000000100000000)
  region size 1024K, 1 young (1024K), 1 survivors (1024K)
 Metaspace       used 30204K, committed 30464K, reserved 1081344K
  class space    used 3467K, committed 3584K, reserved 1048576K
}

