<?xml version="1.0" encoding="UTF-8"?>
<!-- Generated by org.testng.reporters.JUnitXMLReporter -->
<testsuite ignored="1" hostname="PureBook-S14" failures="0" tests="1" name="Default test" time="0.033" errors="0" timestamp="2023-05-11T11:07:26 IST">
  <testcase classname="TestNgdemos.TestInvocationCountDemo" name="Method1" time="0.006"/>
  <testcase classname="TestNgdemos.TestInvocationCountDemo" name="Method2" time="0.0">
    <ignored/>
  </testcase> <!-- Method2 -->
</testsuite> <!-- Default test -->
