<?xml version="1.0" encoding="UTF-8"?>
<testng-results ignored="1" total="2" passed="1" failed="0" skipped="0">
  <reporter-output>
  </reporter-output>
  <suite started-at="2023-05-11T11:07:26 IST" name="Default suite" finished-at="2023-05-11T11:07:26 IST" duration-ms="33">
    <groups>
    </groups>
    <test started-at="2023-05-11T11:07:26 IST" name="Default test" finished-at="2023-05-11T11:07:26 IST" duration-ms="33">
      <class name="TestNgdemos.TestInvocationCountDemo">
        <test-method signature="Method1()[pri:0, instance:TestNgdemos.TestInvocationCountDemo@4fb3ee4e]" started-at="2023-05-11T11:07:26 IST" name="Method1" finished-at="2023-05-11T11:07:26 IST" duration-ms="6" status="PASS">
          <reporter-output>
          </reporter-output>
        </test-method> <!-- Method1 -->
      </class> <!-- TestNgdemos.TestInvocationCountDemo -->
    </test> <!-- Default test -->
  </suite> <!-- Default suite -->
</testng-results>
